<?xml version="1.0" encoding="UTF-8"?>
<!-- Generated by org.testng.reporters.JUnitReportReporter -->
<testsuite hostname="Legion-5" failures="0" tests="3" name="restassured.restassuredfirst.APITest" time="3.419" errors="0" timestamp="16 Sep 2021 06:34:41 GMT" skipped="0">
  <testcase classname="restassured.restassuredfirst.APITest" name="fakerTest" time="0.143"/>
  <testcase classname="restassured.restassuredfirst.APITest" name="testLoginAPI" time="1.635"/>
  <testcase classname="restassured.restassuredfirst.APITest" name="dashboardAPI" time="1.641"/>
</testsuite> <!-- restassured.restassuredfirst.APITest -->
