<?xml version="1.0" encoding="UTF-8"?>
<!-- Generated by org.testng.reporters.JUnitReportReporter -->
<testsuite hostname="Legion-5" failures="0" tests="4" name="restassured.restassuredfirst.APITestAfterRefactor2" time="13.349" errors="0" timestamp="16 Sep 2021 06:34:41 GMT" skipped="0">
  <testcase classname="restassured.restassuredfirst.APITestAfterRefactor2" name="fakerTest" time="3.173"/>
  <testcase classname="restassured.restassuredfirst.APITestAfterRefactor2" name="configurationsAPI" time="3.283"/>
  <testcase classname="restassured.restassuredfirst.APITestAfterRefactor2" name="testInvalidCredentials" time="3.163"/>
  <testcase classname="restassured.restassuredfirst.APITestAfterRefactor2" name="dashboardAPI" time="3.730"/>
</testsuite> <!-- restassured.restassuredfirst.APITestAfterRefactor2 -->
