<?xml version="1.0" encoding="UTF-8"?>
<!-- Generated by org.testng.reporters.JUnitReportReporter -->
<testsuite hostname="Legion-5" failures="0" tests="4" name="restassured.restassuredfirst.APITestAfterRefactor1" time="10.007" errors="0" timestamp="16 Sep 2021 06:34:41 GMT" skipped="0">
  <testcase classname="restassured.restassuredfirst.APITestAfterRefactor1" name="dashboardAPI" time="3.229"/>
  <testcase classname="restassured.restassuredfirst.APITestAfterRefactor1" name="fakerTest2" time="1.675"/>
  <testcase classname="restassured.restassuredfirst.APITestAfterRefactor1" name="configurationsAPI" time="3.398"/>
  <testcase classname="restassured.restassuredfirst.APITestAfterRefactor1" name="fakerTest" time="1.705"/>
</testsuite> <!-- restassured.restassuredfirst.APITestAfterRefactor1 -->
