<?xml version="1.0" encoding="UTF-8"?>
<!-- Generated by org.testng.reporters.JUnitReportReporter -->
<testsuite hostname="Legion-5" failures="0" tests="1" name="restassured.restassuredfirst.AppTest" time="0.007" errors="0" timestamp="2021-09-06T13:55:51 WIB" skipped="0">
  <testcase classname="restassured.restassuredfirst.AppTest" name="shouldAnswerWithTrue" time="0.007"/>
  <system-out/>
</testsuite> <!-- restassured.restassuredfirst.AppTest -->
