<?xml version="1.0" encoding="UTF-8"?>
<!-- Generated by org.testng.reporters.JUnitReportReporter -->
<testsuite hostname="Legion-5" failures="0" tests="3" name="restassured.restassuredfirst.APITest" time="4.653" errors="0" timestamp="2021-09-16T13:32:45 WIB" skipped="0">
  <testcase classname="restassured.restassuredfirst.APITest" name="fakerTest" time="0.123"/>
  <system-out/>
  <testcase classname="restassured.restassuredfirst.APITest" name="testLoginAPI" time="2.970"/>
  <system-out/>
  <testcase classname="restassured.restassuredfirst.APITest" name="dashboardAPI" time="1.560"/>
  <system-out/>
</testsuite> <!-- restassured.restassuredfirst.APITest -->
